#
# There is insufficient memory for the Java Runtime Environment to continue.
# Native memory allocation (malloc) failed to allocate 2113296 bytes for Chunk::new
# Possible reasons:
#   The system is out of physical RAM or swap space
#   In 32 bit mode, the process size limit was hit
# Possible solutions:
#   Reduce memory load on the system
#   Increase physical memory or swap space
#   Check if swap backing store is full
#   Use 64 bit Java on a 64 bit OS
#   Decrease Java heap size (-Xmx/-Xms)
#   Decrease number of Java threads
#   Decrease Java thread stack sizes (-Xss)
#   Set larger code cache with -XX:ReservedCodeCacheSize=
# This output file may be truncated or incomplete.
#
#  Out of Memory Error (allocation.cpp:390), pid=3468, tid=0x0000000000009f60
#
# JRE version: Java(TM) SE Runtime Environment (8.0_151-b12) (build 1.8.0_151-b12)
# Java VM: Java HotSpot(TM) 64-Bit Server VM (25.151-b12 mixed mode windows-amd64 compressed oops)
# Failed to write core dump. Minidumps are not enabled by default on client versions of Windows
#

---------------  T H R E A D  ---------------

Current thread (0x000000001a1a6000):  JavaThread "Unknown thread" [_thread_in_native, id=40800, stack(0x000000001a9e0000,0x000000001aae0000)]

Stack: [0x000000001a9e0000,0x000000001aae0000]
[error occurred during error reporting (printing stack bounds), id 0xc0000005]

Native frames: (J=compiled Java code, j=interpreted, Vv=VM code, C=native code)


Current CompileTask:
C2:   8325 3533   !   4       java.net.URLClassLoader$1::run (63 bytes)


---------------  P R O C E S S  ---------------

Java Threads: ( => current thread )
  0x000000001a252800 JavaThread "Service Thread" daemon [_thread_blocked, id=33208, stack(0x000000001ace0000,0x000000001ade0000)]
  0x000000001a1ad000 JavaThread "C1 CompilerThread3" daemon [_thread_blocked, id=15452, stack(0x000000001abe0000,0x000000001ace0000)]
  0x000000001a1aa000 JavaThread "C2 CompilerThread2" daemon [_thread_blocked, id=8468, stack(0x000000001aae0000,0x000000001abe0000)]
=>0x000000001a1a6000 JavaThread "C2 CompilerThread1" daemon [_thread_in_native, id=40800, stack(0x000000001a9e0000,0x000000001aae0000)]
  0x000000001a1a3800 JavaThread "C2 CompilerThread0" daemon [_thread_in_native, id=1536, stack(0x000000001a8e0000,0x000000001a9e0000)]
  0x000000001a17f800 JavaThread "Monitor Ctrl-Break" daemon [_thread_in_native, id=42144, stack(0x000000001a7e0000,0x000000001a8e0000)]
  0x000000001a16f000 JavaThread "Attach Listener" daemon [_thread_blocked, id=37476, stack(0x000000001a6e0000,0x000000001a7e0000)]
  0x000000001a11c000 JavaThread "Signal Dispatcher" daemon [_thread_blocked, id=37608, stack(0x000000001a5e0000,0x000000001a6e0000)]
  0x000000001a100800 JavaThread "Finalizer" daemon [_thread_blocked, id=36044, stack(0x000000001a4e0000,0x000000001a5e0000)]
  0x00000000181ed000 JavaThread "Reference Handler" daemon [_thread_blocked, id=17020, stack(0x0000000019fe0000,0x000000001a0e0000)]
  0x000000000129e000 JavaThread "main" [_thread_blocked, id=36896, stack(0x0000000002a50000,0x0000000002b50000)]

Other Threads:
  0x00000000181e9800 VMThread [stack: 0x0000000019ee0000,0x0000000019fe0000] [id=15768]
  0x000000001a2b1800 WatcherThread [stack: 0x000000001ade0000,0x000000001aee0000] [id=33720]

VM state:at safepoint (normal execution)

VM Mutex/Monitor currently owned by a thread:  ([mutex/lock_event])
[0x000000000129d100] Threads_lock - owner thread: 0x00000000181e9800
[0x0000000003151450] Heap_lock - owner thread: 0x000000000129e000

Heap:
 PSYoungGen      total 143872K, used 6756K [0x00000000d5d80000, 0x00000000e7580000, 0x0000000100000000)
  eden space 132608K, 0% used [0x00000000d5d80000,0x00000000d5d80000,0x00000000ddf00000)
  from space 11264K, 59% used [0x00000000ddf00000,0x00000000de5991f0,0x00000000dea00000)
  to   space 10752K, 0% used [0x00000000e6b00000,0x00000000e6b00000,0x00000000e7580000)
 ParOldGen       total 87552K, used 13029K [0x0000000081800000, 0x0000000086d80000, 0x00000000d5d80000)
  object space 87552K, 14% used [0x0000000081800000,0x00000000824b9700,0x0000000086d80000)
 Metaspace       used 20705K, capacity 21198K, committed 21296K, reserved 1069056K
  class space    used 2463K, capacity 2586K, committed 2608K, reserved 1048576K

Card table byte_map: [0x0000000012610000,0x0000000012a10000] byte_map_base: 0x0000000012204000

Marking Bits: (ParMarkBitMap*) 0x000000005d6fd850
 Begin Bits: [0x00000000134c0000, 0x0000000015460000)
 End Bits:   [0x0000000015460000, 0x0000000017400000)

Polling page: 0x0000000001220000

CodeCache: size=245760Kb used=12887Kb max_used=12891Kb free=232872Kb
 bounds [0x0000000003250000, 0x0000000003f00000, 0x0000000012250000]
 total_blobs=3925 nmethods=3531 adapters=306
 compilation: enabled

Compilation events (10 events):
Event: 8.141 Thread 0x000000001a1ad000 3546       1       com.sun.tools.javac.code.Symbol$PackageSymbol::getQualifiedName (5 bytes)
Event: 8.141 Thread 0x000000001a1ad000 nmethod 3546 0x0000000003369a90 code [0x0000000003369be0, 0x0000000003369cf0]
Event: 8.141 Thread 0x000000001a1ad000 3548       3       com.sun.tools.javac.util.List::nil (4 bytes)
Event: 8.141 Thread 0x000000001a1ad000 nmethod 3548 0x0000000003360410 code [0x0000000003360560, 0x0000000003360690]
Event: 8.141 Thread 0x000000001a1aa000 3550       4       java.util.AbstractCollection::<init> (5 bytes)
Event: 8.142 Thread 0x000000001a1aa000 nmethod 3550 0x0000000003376090 code [0x00000000033761c0, 0x0000000003376218]
Event: 8.142 Thread 0x000000001a1ad000 3549       3       com.sun.tools.javac.code.AnnoConstruct::<init> (5 bytes)
Event: 8.142 Thread 0x000000001a1ad000 nmethod 3549 0x0000000003ef3ed0 code [0x0000000003ef4020, 0x0000000003ef41d0]
Event: 8.142 Thread 0x000000001a1ad000 3547       3       com.sun.tools.javac.util.ArrayUtils::ensureCapacity (30 bytes)
Event: 8.142 Thread 0x000000001a1ad000 nmethod 3547 0x0000000003ef3810 code [0x0000000003ef39a0, 0x0000000003ef3d48]

GC Heap History (10 events):
Event: 2.886 GC heap after
Heap after GC invocations=3 (full 0):
 PSYoungGen      total 38400K, used 5117K [0x00000000d5d80000, 0x00000000da880000, 0x0000000100000000)
  eden space 33280K, 0% used [0x00000000d5d80000,0x00000000d5d80000,0x00000000d7e00000)
  from space 5120K, 99% used [0x00000000d7e00000,0x00000000d82ff428,0x00000000d8300000)
  to   space 5120K, 0% used [0x00000000da380000,0x00000000da380000,0x00000000da880000)
 ParOldGen       total 87552K, used 3840K [0x0000000081800000, 0x0000000086d80000, 0x00000000d5d80000)
  object space 87552K, 4% used [0x0000000081800000,0x0000000081bc02a8,0x0000000086d80000)
 Metaspace       used 15214K, capacity 15492K, committed 15872K, reserved 1062912K
  class space    used 1871K, capacity 1973K, committed 2048K, reserved 1048576K
}
Event: 3.594 GC heap before
{Heap before GC invocations=4 (full 0):
 PSYoungGen      total 38400K, used 38397K [0x00000000d5d80000, 0x00000000da880000, 0x0000000100000000)
  eden space 33280K, 100% used [0x00000000d5d80000,0x00000000d7e00000,0x00000000d7e00000)
  from space 5120K, 99% used [0x00000000d7e00000,0x00000000d82ff428,0x00000000d8300000)
  to   space 5120K, 0% used [0x00000000da380000,0x00000000da380000,0x00000000da880000)
 ParOldGen       total 87552K, used 3840K [0x0000000081800000, 0x0000000086d80000, 0x00000000d5d80000)
  object space 87552K, 4% used [0x0000000081800000,0x0000000081bc02a8,0x0000000086d80000)
 Metaspace       used 16082K, capacity 16386K, committed 16640K, reserved 1064960K
  class space    used 1930K, capacity 2010K, committed 2048K, reserved 1048576K
Event: 3.601 GC heap after
Heap after GC invocations=4 (full 0):
 PSYoungGen      total 71680K, used 5112K [0x00000000d5d80000, 0x00000000da880000, 0x0000000100000000)
  eden space 66560K, 0% used [0x00000000d5d80000,0x00000000d5d80000,0x00000000d9e80000)
  from space 5120K, 99% used [0x00000000da380000,0x00000000da87e030,0x00000000da880000)
  to   space 5120K, 0% used [0x00000000d9e80000,0x00000000d9e80000,0x00000000da380000)
 ParOldGen       total 87552K, used 6909K [0x0000000081800000, 0x0000000086d80000, 0x00000000d5d80000)
  object space 87552K, 7% used [0x0000000081800000,0x0000000081ebf698,0x0000000086d80000)
 Metaspace       used 16082K, capacity 16386K, committed 16640K, reserved 1064960K
  class space    used 1930K, capacity 2010K, committed 2048K, reserved 1048576K
}
Event: 4.389 GC heap before
{Heap before GC invocations=5 (full 0):
 PSYoungGen      total 71680K, used 71672K [0x00000000d5d80000, 0x00000000da880000, 0x0000000100000000)
  eden space 66560K, 100% used [0x00000000d5d80000,0x00000000d9e80000,0x00000000d9e80000)
  from space 5120K, 99% used [0x00000000da380000,0x00000000da87e030,0x00000000da880000)
  to   space 5120K, 0% used [0x00000000d9e80000,0x00000000d9e80000,0x00000000da380000)
 ParOldGen       total 87552K, used 6909K [0x0000000081800000, 0x0000000086d80000, 0x00000000d5d80000)
  object space 87552K, 7% used [0x0000000081800000,0x0000000081ebf698,0x0000000086d80000)
 Metaspace       used 16588K, capacity 16938K, committed 17152K, reserved 1064960K
  class space    used 1948K, capacity 2016K, committed 2048K, reserved 1048576K
Event: 4.400 GC heap after
Heap after GC invocations=5 (full 0):
 PSYoungGen      total 71680K, used 5112K [0x00000000d5d80000, 0x00000000df480000, 0x0000000100000000)
  eden space 66560K, 0% used [0x00000000d5d80000,0x00000000d5d80000,0x00000000d9e80000)
  from space 5120K, 99% used [0x00000000d9e80000,0x00000000da37e030,0x00000000da380000)
  to   space 10752K, 0% used [0x00000000dea00000,0x00000000dea00000,0x00000000df480000)
 ParOldGen       total 87552K, used 11368K [0x0000000081800000, 0x0000000086d80000, 0x00000000d5d80000)
  object space 87552K, 12% used [0x0000000081800000,0x000000008231a2c0,0x0000000086d80000)
 Metaspace       used 16588K, capacity 16938K, committed 17152K, reserved 1064960K
  class space    used 1948K, capacity 2016K, committed 2048K, reserved 1048576K
}
Event: 7.960 GC heap before
{Heap before GC invocations=6 (full 0):
 PSYoungGen      total 71680K, used 71672K [0x00000000d5d80000, 0x00000000df480000, 0x0000000100000000)
  eden space 66560K, 100% used [0x00000000d5d80000,0x00000000d9e80000,0x00000000d9e80000)
  from space 5120K, 99% used [0x00000000d9e80000,0x00000000da37e030,0x00000000da380000)
  to   space 10752K, 0% used [0x00000000dea00000,0x00000000dea00000,0x00000000df480000)
 ParOldGen       total 87552K, used 11368K [0x0000000081800000, 0x0000000086d80000, 0x00000000d5d80000)
  object space 87552K, 12% used [0x0000000081800000,0x000000008231a2c0,0x0000000086d80000)
 Metaspace       used 18419K, capacity 18926K, committed 19200K, reserved 1067008K
  class space    used 2133K, capacity 2234K, committed 2304K, reserved 1048576K
Event: 7.972 GC heap after
Heap after GC invocations=6 (full 0):
 PSYoungGen      total 143360K, used 9276K [0x00000000d5d80000, 0x00000000df580000, 0x0000000100000000)
  eden space 132608K, 0% used [0x00000000d5d80000,0x00000000d5d80000,0x00000000ddf00000)
  from space 10752K, 86% used [0x00000000dea00000,0x00000000df30f058,0x00000000df480000)
  to   space 11264K, 0% used [0x00000000ddf00000,0x00000000ddf00000,0x00000000dea00000)
 ParOldGen       total 87552K, used 11376K [0x0000000081800000, 0x0000000086d80000, 0x00000000d5d80000)
  object space 87552K, 12% used [0x0000000081800000,0x000000008231c2c0,0x0000000086d80000)
 Metaspace       used 18419K, capacity 18926K, committed 19200K, reserved 1067008K
  class space    used 2133K, capacity 2234K, committed 2304K, reserved 1048576K
}
Event: 8.233 GC heap before
{Heap before GC invocations=7 (full 0):
 PSYoungGen      total 143360K, used 19886K [0x00000000d5d80000, 0x00000000df580000, 0x0000000100000000)
  eden space 132608K, 8% used [0x00000000d5d80000,0x00000000d67dcae8,0x00000000ddf00000)
  from space 10752K, 86% used [0x00000000dea00000,0x00000000df30f058,0x00000000df480000)
  to   space 11264K, 0% used [0x00000000ddf00000,0x00000000ddf00000,0x00000000dea00000)
 ParOldGen       total 87552K, used 11376K [0x0000000081800000, 0x0000000086d80000, 0x00000000d5d80000)
  object space 87552K, 12% used [0x0000000081800000,0x000000008231c2c0,0x0000000086d80000)
 Metaspace       used 20705K, capacity 21198K, committed 21296K, reserved 1069056K
  class space    used 2463K, capacity 2586K, committed 2608K, reserved 1048576K
Event: 8.246 GC heap after
Heap after GC invocations=7 (full 0):
 PSYoungGen      total 143872K, used 6756K [0x00000000d5d80000, 0x00000000e7580000, 0x0000000100000000)
  eden space 132608K, 0% used [0x00000000d5d80000,0x00000000d5d80000,0x00000000ddf00000)
  from space 11264K, 59% used [0x00000000ddf00000,0x00000000de5991f0,0x00000000dea00000)
  to   space 10752K, 0% used [0x00000000e6b00000,0x00000000e6b00000,0x00000000e7580000)
 ParOldGen       total 87552K, used 13029K [0x0000000081800000, 0x0000000086d80000, 0x00000000d5d80000)
  object space 87552K, 14% used [0x0000000081800000,0x00000000824b9700,0x0000000086d80000)
 Metaspace       used 20705K, capacity 21198K, committed 21296K, reserved 1069056K
  class space    used 2463K, capacity 2586K, committed 2608K, reserved 1048576K
}
Event: 8.246 GC heap before
{Heap before GC invocations=8 (full 1):
 PSYoungGen      total 143872K, used 6756K [0x00000000d5d80000, 0x00000000e7580000, 0x0000000100000000)
  eden space 132608K, 0% used [0x00000000d5d80000,0x00000000d5d80000,0x00000000ddf00000)
  from space 11264K, 59% used [0x00000000ddf00000,0x00000000de5991f0,0x00000000dea00000)
  to   space 10752K, 0% used [0x00000000e6b00000,0x00000000e6b00000,0x00000000e7580000)
 ParOldGen       total 87552K, used 13029K [0x0000000081800000, 0x0000000086d80000, 0x00000000d5d80000)
  object space 87552K, 14% used [0x0000000081800000,0x00000000824b9700,0x0000000086d80000)
 Metaspace       used 20705K, capacity 21198K, committed 21296K, reserved 1069056K
  class space    used 2463K, capacity 2586K, committed 2608K, reserved 1048576K

Deoptimization events (10 events):
Event: 4.412 Thread 0x000000000129e000 Uncommon trap: reason=unstable_if action=reinterpret pc=0x000000000363b744 method=java.util.HashMap.getNode(ILjava/lang/Object;)Ljava/util/HashMap$Node; @ 53
Event: 4.580 Thread 0x000000000129e000 Uncommon trap: reason=bimorphic action=maybe_recompile pc=0x0000000003891b20 method=java.util.concurrent.ConcurrentHashMap.get(Ljava/lang/Object;)Ljava/lang/Object; @ 149
Event: 4.605 Thread 0x000000000129e000 Uncommon trap: reason=bimorphic action=maybe_recompile pc=0x0000000003891b20 method=java.util.concurrent.ConcurrentHashMap.get(Ljava/lang/Object;)Ljava/lang/Object; @ 149
Event: 5.143 Thread 0x000000000129e000 Uncommon trap: reason=unstable_if action=reinterpret pc=0x0000000003c83c1c method=org.codehaus.plexus.interpolation.util.StringUtils.capitalizeFirstLetter(Ljava/lang/String;)Ljava/lang/String; @ 13
Event: 5.483 Thread 0x000000000129e000 Uncommon trap: reason=class_check action=maybe_recompile pc=0x0000000003d07104 method=org.eclipse.sisu.wire.EntryListAdapter$ValueIterator.hasNext()Z @ 4
Event: 5.582 Thread 0x000000000129e000 Uncommon trap: reason=unstable_if action=reinterpret pc=0x000000000383b384 method=sun.net.www.protocol.jar.Handler.parseURL(Ljava/net/URL;Ljava/lang/String;II)V @ 94
Event: 7.510 Thread 0x000000000129e000 Uncommon trap: reason=class_check action=maybe_recompile pc=0x0000000003d07104 method=org.eclipse.sisu.wire.EntryListAdapter$ValueIterator.hasNext()Z @ 4
Event: 7.512 Thread 0x000000000129e000 Uncommon trap: reason=unstable_if action=reinterpret pc=0x00000000039a34a8 method=org.eclipse.sisu.plexus.RealmFilteredBeans$FilteredItr.hasNext()Z @ 44
Event: 7.779 Thread 0x000000000129e000 Uncommon trap: reason=unstable_if action=reinterpret pc=0x0000000003bdb560 method=com.google.inject.internal.InjectorImpl.callInContext(Lcom/google/inject/internal/ContextualCallable;)Ljava/lang/Object; @ 161
Event: 7.893 Thread 0x000000000129e000 Uncommon trap: reason=predicate action=maybe_recompile pc=0x00000000039c55b0 method=sun.misc.Resource.getBytes()[B @ 53

Internal exceptions (10 events):
Event: 2.725 Thread 0x000000000129e000 Implicit null exception at 0x00000000033fccd8 to 0x00000000033fcea9
Event: 2.831 Thread 0x000000000129e000 Implicit null exception at 0x0000000003455156 to 0x00000000034554f1
Event: 2.831 Thread 0x000000000129e000 Implicit null exception at 0x0000000003435b96 to 0x0000000003435f2d
Event: 3.049 Thread 0x000000000129e000 Implicit null exception at 0x00000000038ad5d4 to 0x00000000038ae85d
Event: 3.322 Thread 0x000000000129e000 Implicit null exception at 0x0000000003649955 to 0x0000000003649b2d
Event: 3.322 Thread 0x000000000129e000 Implicit null exception at 0x00000000035e2c2f to 0x00000000035e2c99
Event: 3.407 Thread 0x000000000129e000 Implicit null exception at 0x00000000039988b7 to 0x0000000003998b01
Event: 4.288 Thread 0x000000000129e000 Implicit null exception at 0x0000000003bff914 to 0x0000000003c00c01
Event: 7.779 Thread 0x000000000129e000 Implicit null exception at 0x0000000003bda2e3 to 0x0000000003bdb541
Event: 7.852 Thread 0x000000000129e000 Exception <a 'java/lang/ClassNotFoundException': com/sun/tools/javac/api/JavacTool> (0x00000000d9d94210) thrown at [C:\re\workspace\8-2-build-windows-amd64-cygwin\jdk8u151\9699\hotspot\src\share\vm\classfile\systemDictionary.cpp, line 210]

Events (10 events):
Event: 8.229 loading class com/sun/tools/javac/comp/Enter done
Event: 8.230 loading class com/sun/tools/javac/tree/TreeMaker
Event: 8.230 loading class com/sun/tools/javac/tree/TreeMaker done
Event: 8.231 loading class com/sun/tools/javac/tree/JCTree$Factory
Event: 8.231 loading class com/sun/tools/javac/tree/JCTree$Factory done
Event: 8.232 loading class com/sun/tools/javac/tree/TreeMaker$AnnotationBuilder
Event: 8.232 loading class com/sun/tools/javac/tree/TreeMaker$AnnotationBuilder done
Event: 8.233 loading class com/sun/tools/javac/comp/Annotate
Event: 8.233 loading class com/sun/tools/javac/comp/Annotate done
Event: 8.233 Executing VM operation: CollectForMetadataAllocation


Dynamic libraries:
0x00007ff729660000 - 0x00007ff729697000 	D:\Program Files\Java\jdk1.8\bin\java.exe
0x00007fff72b40000 - 0x00007fff72d30000 	C:\WINDOWS\SYSTEM32\ntdll.dll
0x00007fff70d90000 - 0x00007fff70e42000 	C:\WINDOWS\System32\KERNEL32.DLL
0x00007fff6fab0000 - 0x00007fff6fd55000 	C:\WINDOWS\System32\KERNELBASE.dll
0x00007fff71e50000 - 0x00007fff71ef3000 	C:\WINDOWS\System32\ADVAPI32.dll
0x00007fff72780000 - 0x00007fff7281e000 	C:\WINDOWS\System32\msvcrt.dll
0x00007fff729c0000 - 0x00007fff72a57000 	C:\WINDOWS\System32\sechost.dll
0x00007fff71b80000 - 0x00007fff71c9f000 	C:\WINDOWS\System32\RPCRT4.dll
0x00007fff70bf0000 - 0x00007fff70d84000 	C:\WINDOWS\System32\USER32.dll
0x00007fff6fe50000 - 0x00007fff6fe71000 	C:\WINDOWS\System32\win32u.dll
0x00007fff72a60000 - 0x00007fff72a86000 	C:\WINDOWS\System32\GDI32.dll
0x00007fff709b0000 - 0x00007fff70b48000 	C:\WINDOWS\System32\gdi32full.dll
0x00007fff70b50000 - 0x00007fff70bee000 	C:\WINDOWS\System32\msvcp_win.dll
0x00007fff70010000 - 0x00007fff7010a000 	C:\WINDOWS\System32\ucrtbase.dll
0x00007fff5ed00000 - 0x00007fff5ef84000 	C:\WINDOWS\WinSxS\amd64_microsoft.windows.common-controls_6595b64144ccf1df_6.0.18362.1440_none_9e7dbfb9e45e8e67\COMCTL32.dll
0x00007fff720c0000 - 0x00007fff723f6000 	C:\WINDOWS\System32\combase.dll
0x00007fff6fd60000 - 0x00007fff6fde1000 	C:\WINDOWS\System32\bcryptPrimitives.dll
0x00007fff71ca0000 - 0x00007fff71cce000 	C:\WINDOWS\System32\IMM32.DLL
0x000000005d780000 - 0x000000005d852000 	D:\Program Files\Java\jdk1.8\jre\bin\msvcr100.dll
0x000000005cee0000 - 0x000000005d77d000 	D:\Program Files\Java\jdk1.8\jre\bin\server\jvm.dll
0x00007fff71aa0000 - 0x00007fff71aa8000 	C:\WINDOWS\System32\PSAPI.DLL
0x00007fff6d580000 - 0x00007fff6d5a4000 	C:\WINDOWS\SYSTEM32\WINMM.dll
0x00007fff6f5c0000 - 0x00007fff6f5ca000 	C:\WINDOWS\SYSTEM32\VERSION.dll
0x00007fff69300000 - 0x00007fff69309000 	C:\WINDOWS\SYSTEM32\WSOCK32.dll
0x00007fff72710000 - 0x00007fff7277f000 	C:\WINDOWS\System32\WS2_32.dll
0x00007fff6d100000 - 0x00007fff6d12d000 	C:\WINDOWS\SYSTEM32\winmmbase.dll
0x00007fff70940000 - 0x00007fff7098a000 	C:\WINDOWS\System32\cfgmgr32.dll
0x000000005f430000 - 0x000000005f43f000 	D:\Program Files\Java\jdk1.8\jre\bin\verify.dll
0x000000005f030000 - 0x000000005f059000 	D:\Program Files\Java\jdk1.8\jre\bin\java.dll
0x000000005dc40000 - 0x000000005dc63000 	D:\Program Files\Java\jdk1.8\jre\bin\instrument.dll
0x000000005f010000 - 0x000000005f026000 	D:\Program Files\Java\jdk1.8\jre\bin\zip.dll
0x00007fff70e50000 - 0x00007fff71538000 	C:\WINDOWS\System32\SHELL32.dll
0x00007fff71cd0000 - 0x00007fff71d77000 	C:\WINDOWS\System32\shcore.dll
0x00007fff701c0000 - 0x00007fff7093b000 	C:\WINDOWS\System32\windows.storage.dll
0x00007fff6fa00000 - 0x00007fff6fa1e000 	C:\WINDOWS\System32\profapi.dll
0x00007fff6fa60000 - 0x00007fff6faaa000 	C:\WINDOWS\System32\powrprof.dll
0x00007fff6f9f0000 - 0x00007fff6fa00000 	C:\WINDOWS\System32\UMPDC.dll
0x00007fff71f00000 - 0x00007fff71f52000 	C:\WINDOWS\System32\shlwapi.dll
0x00007fff6fa40000 - 0x00007fff6fa51000 	C:\WINDOWS\System32\kernel.appcore.dll
0x00007fff70990000 - 0x00007fff709a7000 	C:\WINDOWS\System32\cryptsp.dll
0x00007fff6bfb0000 - 0x00007fff6bfca000 	D:\Program Files\JetBrains\IntelliJ IDEA 2020.3.1\bin\breakgen64.dll
0x000000005eff0000 - 0x000000005f00a000 	D:\Program Files\java\jdk1.8\jre\bin\net.dll
0x00007fff6f1c0000 - 0x00007fff6f227000 	C:\WINDOWS\system32\mswsock.dll
0x00007fff6ece0000 - 0x00007fff6ed13000 	C:\WINDOWS\system32\rsaenh.dll
0x00007fff6ffe0000 - 0x00007fff70006000 	C:\WINDOWS\System32\bcrypt.dll
0x00007fff6f8d0000 - 0x00007fff6f8f5000 	C:\WINDOWS\SYSTEM32\USERENV.dll
0x00007fff6f390000 - 0x00007fff6f39c000 	C:\WINDOWS\SYSTEM32\CRYPTBASE.dll
0x00007fff6ee70000 - 0x00007fff6eeaa000 	C:\WINDOWS\SYSTEM32\IPHLPAPI.DLL
0x00007fff72650000 - 0x00007fff72658000 	C:\WINDOWS\System32\NSI.dll
0x00007fff62b30000 - 0x00007fff62b46000 	C:\WINDOWS\SYSTEM32\dhcpcsvc6.DLL
0x00007fff62b10000 - 0x00007fff62b2c000 	C:\WINDOWS\SYSTEM32\dhcpcsvc.DLL
0x00007fff6eeb0000 - 0x00007fff6ef7b000 	C:\WINDOWS\SYSTEM32\DNSAPI.dll
0x000000005efd0000 - 0x000000005efe1000 	D:\Program Files\java\jdk1.8\jre\bin\nio.dll
0x00007fff6d770000 - 0x00007fff6d77a000 	C:\Users\TRS\AppData\Local\Temp\jansi-1.17-6903637682212916145.dll
0x00007fff6d710000 - 0x00007fff6d71a000 	C:\Users\TRS\AppData\Local\Temp\jansi-1.17-783543073445054602.dll

VM Arguments:
jvm_args: -Dmaven.multiModuleProjectDirectory=D:\Users\TRS\IdeaProjects\demo -Dmaven.home=D:\Program Files\Maven\apache-maven-3.5.3 - study -Dclassworlds.conf=D:\Program Files\Maven\apache-maven-3.5.3 - study\bin\m2.conf -Dmaven.ext.class.path=D:\Program Files\JetBrains\IntelliJ IDEA 2020.3.1\plugins\maven\lib\maven-event-listener.jar -javaagent:D:\Program Files\JetBrains\IntelliJ IDEA 2020.3.1\lib\idea_rt.jar=64167:D:\Program Files\JetBrains\IntelliJ IDEA 2020.3.1\bin -Dfile.encoding=UTF-8 
java_command: org.codehaus.classworlds.Launcher -Didea.version=2020.3.1 install
java_class_path (initial): D:\Program Files\Maven\apache-maven-3.5.3 - study\boot\plexus-classworlds-2.5.2.jar;D:\Program Files\JetBrains\IntelliJ IDEA 2020.3.1\lib\idea_rt.jar
Launcher Type: SUN_STANDARD

Environment Variables:
JAVA_HOME=D:\Program Files\java\jdk1.8
PATH=D:\Program Files\java\jdk1.8\bin;D:\Program Files\java\jdk1.8\jre\bin;C:\WINDOWS\system32;C:\WINDOWS;C:\WINDOWS\System32\Wbem;C:\WINDOWS\System32\WindowsPowerShell\v1.0\;C:\WINDOWS\System32\OpenSSH\;D:\Program Files\nodejs\;D:\ProgramFiles\TortoiseSVN\bin;D:\ProgramFiles\Git\cmd;D:\Program Files\erl-23.1\bin;D:\Program Files\RabbitMQ Server\rabbitmq_server-3.8.9\sbin;C:\Users\TRS\AppData\Local\Microsoft\WindowsApps;"D:\Program Files\java\jdk1.8\bin;D:\Program Files\java\jdk1.8\jre\bin";D:\Program Files (x86)\Fildder\Fiddler;C:\Users\TRS\AppData\Roaming\npm;C:\Users\TRS\AppData\Local\GitHubDesktop\bin;%USERPROFILE%\AppData\Local\Microsoft\WindowsApps;
USERNAME=TRS
OS=Windows_NT
PROCESSOR_IDENTIFIER=Intel64 Family 6 Model 142 Stepping 10, GenuineIntel



---------------  S Y S T E M  ---------------

OS: Windows 10.0 , 64 bit Build 18362 (10.0.18362.1350)

CPU:total 8 (initial active 8) (4 cores per cpu, 2 threads per core) family 6 model 142 stepping 10, cmov, cx8, fxsr, mmx, sse, sse2, sse3, ssse3, sse4.1, sse4.2, popcnt, avx, avx2, clmul, erms, 3dnowpref, lzcnt, ht, tsc, tscinvbit, bmi1, bmi2, adx

Memory: 4k page, physical 8287828k(601588k free), swap 20575828k(5952k free)

vm_info: Java HotSpot(TM) 64-Bit Server VM (25.151-b12) for windows-amd64 JRE (1.8.0_151-b12), built on Sep  5 2017 19:33:46 by "java_re" with MS VC++ 10.0 (VS2010)

time: Fri Mar 26 17:41:11 2021
elapsed time: 8 seconds (0d 0h 0m 8s)

